# JRE version: Java(TM) SE Runtime Environment (8.0_211-b12) (build 1.8.0_211-b12)
# Java VM: Java HotSpot(TM) 64-Bit Server VM (25.211-b12 mixed mode bsd-amd64 compressed oops)
Heap:
 PSYoungGen      total 1531904K, used 292666K [0x0000000715580000, 0x000000077c500000, 0x00000007c0000000)
  eden space 1529856K, 18% used [0x0000000715580000,0x00000007271568b0,0x0000000772b80000)
  from space 2048K, 98% used [0x000000077c300000,0x000000077c4f8130,0x000000077c500000)
  to   space 39424K, 0% used [0x0000000777800000,0x0000000777800000,0x0000000779e80000)
 ParOldGen       total 349696K, used 49830K [0x00000005c0000000, 0x00000005d5580000, 0x0000000715580000)
  object space 349696K, 14% used [0x00000005c0000000,0x00000005c30a9ae8,0x00000005d5580000)
 Metaspace       used 19809K, capacity 20662K, committed 20864K, reserved 1067008K
  class space    used 2668K, capacity 2878K, committed 2944K, reserved 1048576K
GC Heap History (10 events):
Event: 167.206 GC heap before
{Heap before GC invocations=8 (full 0):
 PSYoungGen      total 561152K, used 536344K [0x0000000715580000, 0x000000075a080000, 0x00000007c0000000)
  eden space 525824K, 100% used [0x0000000715580000,0x0000000735700000,0x0000000735700000)
  from space 35328K, 29% used [0x0000000735700000,0x0000000736146348,0x0000000737980000)
  to   space 36864K, 0% used [0x0000000757c80000,0x0000000757c80000,0x000000075a080000)
 ParOldGen       total 349696K, used 37310K [0x00000005c0000000, 0x00000005d5580000, 0x0000000715580000)
  object space 349696K, 10% used [0x00000005c0000000,0x00000005c246fb38,0x00000005d5580000)
 Metaspace       used 18770K, capacity 19568K, committed 19968K, reserved 1067008K
  class space    used 2511K, capacity 2691K, committed 2816K, reserved 1048576K
Event: 167.214 GC heap after
Heap after GC invocations=8 (full 0):
 PSYoungGen      total 1087488K, used 7087K [0x0000000715580000, 0x000000075a280000, 0x00000007c0000000)
  eden space 1050624K, 0% used [0x0000000715580000,0x0000000715580000,0x0000000755780000)
  from space 36864K, 19% used [0x0000000757c80000,0x000000075836bd20,0x000000075a080000)
  to   space 37888K, 0% used [0x0000000755780000,0x0000000755780000,0x0000000757c80000)
 ParOldGen       total 349696K, used 43121K [0x00000005c0000000, 0x00000005d5580000, 0x0000000715580000)
  object space 349696K, 12% used [0x00000005c0000000,0x00000005c2a1c6b0,0x00000005d5580000)
 Metaspace       used 18770K, capacity 19568K, committed 19968K, reserved 1067008K
  class space    used 2511K, capacity 2691K, committed 2816K, reserved 1048576K
}
Event: 341.664 GC heap before
{Heap before GC invocations=9 (full 0):
 PSYoungGen      total 1087488K, used 1057711K [0x0000000715580000, 0x000000075a280000, 0x00000007c0000000)
  eden space 1050624K, 100% used [0x0000000715580000,0x0000000755780000,0x0000000755780000)
  from space 36864K, 19% used [0x0000000757c80000,0x000000075836bd20,0x000000075a080000)
  to   space 37888K, 0% used [0x0000000755780000,0x0000000755780000,0x0000000757c80000)
 ParOldGen       total 349696K, used 43127K [0x00000005c0000000, 0x00000005d5580000, 0x0000000715580000)
  object space 349696K, 12% used [0x00000005c0000000,0x00000005c2a1de80,0x00000005d5580000)
 Metaspace       used 18982K, capacity 19764K, committed 19968K, reserved 1067008K
  class space    used 2512K, capacity 2691K, committed 2816K, reserved 1048576K
Event: 341.668 GC heap after
Heap after GC invocations=9 (full 0):
 PSYoungGen      total 1088512K, used 5103K [0x0000000715580000, 0x0000000780b80000, 0x00000007c0000000)
  eden space 1050624K, 0% used [0x0000000715580000,0x0000000715580000,0x0000000755780000)
  from space 37888K, 13% used [0x0000000755780000,0x0000000755c7bd60,0x0000000757c80000)
  to   space 38912K, 0% used [0x000000077e580000,0x000000077e580000,0x0000000780b80000)
 ParOldGen       total 349696K, used 43255K [0x00000005c0000000, 0x00000005d5580000, 0x0000000715580000)
  object space 349696K, 12% used [0x00000005c0000000,0x00000005c2a3de60,0x00000005d5580000)
 Metaspace       used 18982K, capacity 19764K, committed 19968K, reserved 1067008K
  class space    used 2512K, capacity 2691K, committed 2816K, reserved 1048576K
}
Event: 452.829 GC heap before
{Heap before GC invocations=10 (full 0):
 PSYoungGen      total 1088512K, used 1055727K [0x0000000715580000, 0x0000000780b80000, 0x00000007c0000000)
  eden space 1050624K, 100% used [0x0000000715580000,0x0000000755780000,0x0000000755780000)
  from space 37888K, 13% used [0x0000000755780000,0x0000000755c7bd60,0x0000000757c80000)
  to   space 38912K, 0% used [0x000000077e580000,0x000000077e580000,0x0000000780b80000)
 ParOldGen       total 349696K, used 43255K [0x00000005c0000000, 0x00000005d5580000, 0x0000000715580000)
  object space 349696K, 12% used [0x00000005c0000000,0x00000005c2a3de60,0x00000005d5580000)
 Metaspace       used 19024K, capacity 19764K, committed 19968K, reserved 1067008K
  class space    used 2513K, capacity 2691K, committed 2816K, reserved 1048576K
Event: 452.835 GC heap after
Heap after GC invocations=10 (full 0):
 PSYoungGen      total 1720320K, used 6847K [0x0000000715580000, 0x0000000780b80000, 0x00000007c0000000)
  eden space 1681408K, 0% used [0x0000000715580000,0x0000000715580000,0x000000077bf80000)
  from space 38912K, 17% used [0x000000077e580000,0x000000077ec2fd40,0x0000000780b80000)
  to   space 38912K, 0% used [0x000000077bf80000,0x000000077bf80000,0x000000077e580000)
 ParOldGen       total 349696K, used 45599K [0x00000005c0000000, 0x00000005d5580000, 0x0000000715580000)
  object space 349696K, 13% used [0x00000005c0000000,0x00000005c2c87d00,0x00000005d5580000)
 Metaspace       used 19024K, capacity 19764K, committed 19968K, reserved 1067008K
  class space    used 2513K, capacity 2691K, committed 2816K, reserved 1048576K
}
Event: 565.135 GC heap before
{Heap before GC invocations=11 (full 0):
 PSYoungGen      total 1720320K, used 1688255K [0x0000000715580000, 0x0000000780b80000, 0x00000007c0000000)
  eden space 1681408K, 100% used [0x0000000715580000,0x000000077bf80000,0x000000077bf80000)
  from space 38912K, 17% used [0x000000077e580000,0x000000077ec2fd40,0x0000000780b80000)
  to   space 38912K, 0% used [0x000000077bf80000,0x000000077bf80000,0x000000077e580000)
 ParOldGen       total 349696K, used 45599K [0x00000005c0000000, 0x00000005d5580000, 0x0000000715580000)
  object space 349696K, 13% used [0x00000005c0000000,0x00000005c2c87d00,0x00000005d5580000)
 Metaspace       used 19070K, capacity 19834K, committed 20224K, reserved 1067008K
  class space    used 2514K, capacity 2692K, committed 2816K, reserved 1048576K
Event: 565.143 GC heap after
Heap after GC invocations=11 (full 0):
 PSYoungGen      total 1607168K, used 3583K [0x0000000715580000, 0x000000077e600000, 0x00000007c0000000)
  eden space 1603584K, 0% used [0x0000000715580000,0x0000000715580000,0x0000000777380000)
  from space 3584K, 99% used [0x000000077bf80000,0x000000077c2fffc0,0x000000077c300000)
  to   space 35840K, 0% used [0x000000077c300000,0x000000077c300000,0x000000077e600000)
 ParOldGen       total 349696K, used 49774K [0x00000005c0000000, 0x00000005d5580000, 0x0000000715580000)
  object space 349696K, 14% used [0x00000005c0000000,0x00000005c309bae8,0x00000005d5580000)
 Metaspace       used 19070K, capacity 19834K, committed 20224K, reserved 1067008K
  class space    used 2514K, capacity 2692K, committed 2816K, reserved 1048576K
}
Event: 761.739 GC heap before
{Heap before GC invocations=12 (full 0):
 PSYoungGen      total 1607168K, used 1607167K [0x0000000715580000, 0x000000077e600000, 0x00000007c0000000)
  eden space 1603584K, 100% used [0x0000000715580000,0x0000000777380000,0x0000000777380000)
  from space 3584K, 99% used [0x000000077bf80000,0x000000077c2fffc0,0x000000077c300000)
  to   space 35840K, 0% used [0x000000077c300000,0x000000077c300000,0x000000077e600000)
 ParOldGen       total 349696K, used 49774K [0x00000005c0000000, 0x00000005d5580000, 0x0000000715580000)
  object space 349696K, 14% used [0x00000005c0000000,0x00000005c309bae8,0x00000005d5580000)
 Metaspace       used 19104K, capacity 19838K, committed 20224K, reserved 1067008K
  class space    used 2514K, capacity 2692K, committed 2816K, reserved 1048576K
Event: 761.741 GC heap after
Heap after GC invocations=12 (full 0):
 PSYoungGen      total 1531904K, used 2016K [0x0000000715580000, 0x000000077c500000, 0x00000007c0000000)
  eden space 1529856K, 0% used [0x0000000715580000,0x0000000715580000,0x0000000772b80000)
  from space 2048K, 98% used [0x000000077c300000,0x000000077c4f8130,0x000000077c500000)
  to   space 39424K, 0% used [0x0000000777800000,0x0000000777800000,0x0000000779e80000)
 ParOldGen       total 349696K, used 49830K [0x00000005c0000000, 0x00000005d5580000, 0x0000000715580000)
  object space 349696K, 14% used [0x00000005c0000000,0x00000005c30a9ae8,0x00000005d5580000)
 Metaspace       used 19104K, capacity 19838K, committed 20224K, reserved 1067008K
  class space    used 2514K, capacity 2692K, committed 2816K, reserved 1048576K
}

