# JRE version: Java(TM) SE Runtime Environment (8.0_211-b12) (build 1.8.0_211-b12)
# Java VM: Java HotSpot(TM) 64-Bit Server VM (25.211-b12 mixed mode bsd-amd64 compressed oops)
Heap:
 PSYoungGen      total 284672K, used 216269K [0x0000000715580000, 0x0000000728080000, 0x00000007c0000000)
  eden space 263168K, 74% used [0x0000000715580000,0x00000007213b3728,0x0000000725680000)
  from space 21504K, 99% used [0x0000000726b80000,0x000000072807feb0,0x0000000728080000)
  to   space 21504K, 0% used [0x0000000725680000,0x0000000725680000,0x0000000726b80000)
 ParOldGen       total 349696K, used 16694K [0x00000005c0000000, 0x00000005d5580000, 0x0000000715580000)
  object space 349696K, 4% used [0x00000005c0000000,0x00000005c104d838,0x00000005d5580000)
 Metaspace       used 19403K, capacity 20226K, committed 20352K, reserved 1067008K
  class space    used 2663K, capacity 2844K, committed 2944K, reserved 1048576K
GC Heap History (8 events):
Event: 22.892 GC heap before
{Heap before GC invocations=1 (full 0):
 PSYoungGen      total 153088K, used 131584K [0x0000000715580000, 0x0000000720000000, 0x00000007c0000000)
  eden space 131584K, 100% used [0x0000000715580000,0x000000071d600000,0x000000071d600000)
  from space 21504K, 0% used [0x000000071eb00000,0x000000071eb00000,0x0000000720000000)
  to   space 21504K, 0% used [0x000000071d600000,0x000000071d600000,0x000000071eb00000)
 ParOldGen       total 349696K, used 0K [0x00000005c0000000, 0x00000005d5580000, 0x0000000715580000)
  object space 349696K, 0% used [0x00000005c0000000,0x00000005c0000000,0x00000005d5580000)
 Metaspace       used 17977K, capacity 18644K, committed 18816K, reserved 1064960K
  class space    used 2477K, capacity 2645K, committed 2688K, reserved 1048576K
Event: 22.900 GC heap after
Heap after GC invocations=1 (full 0):
 PSYoungGen      total 153088K, used 19747K [0x0000000715580000, 0x0000000720000000, 0x00000007c0000000)
  eden space 131584K, 0% used [0x0000000715580000,0x0000000715580000,0x000000071d600000)
  from space 21504K, 91% used [0x000000071d600000,0x000000071e948db8,0x000000071eb00000)
  to   space 21504K, 0% used [0x000000071eb00000,0x000000071eb00000,0x0000000720000000)
 ParOldGen       total 349696K, used 96K [0x00000005c0000000, 0x00000005d5580000, 0x0000000715580000)
  object space 349696K, 0% used [0x00000005c0000000,0x00000005c0018010,0x00000005d5580000)
 Metaspace       used 17977K, capacity 18644K, committed 18816K, reserved 1064960K
  class space    used 2477K, capacity 2645K, committed 2688K, reserved 1048576K
}
Event: 22.977 GC heap before
{Heap before GC invocations=2 (full 0):
 PSYoungGen      total 153088K, used 151331K [0x0000000715580000, 0x0000000720000000, 0x00000007c0000000)
  eden space 131584K, 100% used [0x0000000715580000,0x000000071d600000,0x000000071d600000)
  from space 21504K, 91% used [0x000000071d600000,0x000000071e948db8,0x000000071eb00000)
  to   space 21504K, 0% used [0x000000071eb00000,0x000000071eb00000,0x0000000720000000)
 ParOldGen       total 349696K, used 96K [0x00000005c0000000, 0x00000005d5580000, 0x0000000715580000)
  object space 349696K, 0% used [0x00000005c0000000,0x00000005c0018010,0x00000005d5580000)
 Metaspace       used 17986K, capacity 18708K, committed 18816K, reserved 1064960K
  class space    used 2477K, capacity 2645K, committed 2688K, reserved 1048576K
Event: 22.986 GC heap after
Heap after GC invocations=2 (full 0):
 PSYoungGen      total 153088K, used 20163K [0x0000000715580000, 0x0000000728080000, 0x00000007c0000000)
  eden space 131584K, 0% used [0x0000000715580000,0x0000000715580000,0x000000071d600000)
  from space 21504K, 93% used [0x000000071eb00000,0x000000071feb0db8,0x0000000720000000)
  to   space 21504K, 0% used [0x000000071d600000,0x000000071d600000,0x000000071eb00000)
 ParOldGen       total 349696K, used 104K [0x00000005c0000000, 0x00000005d5580000, 0x0000000715580000)
  object space 349696K, 0% used [0x00000005c0000000,0x00000005c001a010,0x00000005d5580000)
 Metaspace       used 17986K, capacity 18708K, committed 18816K, reserved 1064960K
  class space    used 2477K, capacity 2645K, committed 2688K, reserved 1048576K
}
Event: 23.079 GC heap before
{Heap before GC invocations=3 (full 0):
 PSYoungGen      total 153088K, used 151747K [0x0000000715580000, 0x0000000728080000, 0x00000007c0000000)
  eden space 131584K, 100% used [0x0000000715580000,0x000000071d600000,0x000000071d600000)
  from space 21504K, 93% used [0x000000071eb00000,0x000000071feb0db8,0x0000000720000000)
  to   space 21504K, 0% used [0x000000071d600000,0x000000071d600000,0x000000071eb00000)
 ParOldGen       total 349696K, used 104K [0x00000005c0000000, 0x00000005d5580000, 0x0000000715580000)
  object space 349696K, 0% used [0x00000005c0000000,0x00000005c001a010,0x00000005d5580000)
 Metaspace       used 17992K, capacity 18708K, committed 18816K, reserved 1064960K
  class space    used 2477K, capacity 2645K, committed 2688K, reserved 1048576K
Event: 23.084 GC heap after
Heap after GC invocations=3 (full 0):
 PSYoungGen      total 153088K, used 20499K [0x0000000715580000, 0x0000000728080000, 0x00000007c0000000)
  eden space 131584K, 0% used [0x0000000715580000,0x0000000715580000,0x000000071d600000)
  from space 21504K, 95% used [0x000000071d600000,0x000000071ea04db8,0x000000071eb00000)
  to   space 21504K, 0% used [0x0000000726b80000,0x0000000726b80000,0x0000000728080000)
 ParOldGen       total 349696K, used 112K [0x00000005c0000000, 0x00000005d5580000, 0x0000000715580000)
  object space 349696K, 0% used [0x00000005c0000000,0x00000005c001c010,0x00000005d5580000)
 Metaspace       used 17992K, capacity 18708K, committed 18816K, reserved 1064960K
  class space    used 2477K, capacity 2645K, committed 2688K, reserved 1048576K
}
Event: 23.390 GC heap before
{Heap before GC invocations=4 (full 0):
 PSYoungGen      total 153088K, used 152083K [0x0000000715580000, 0x0000000728080000, 0x00000007c0000000)
  eden space 131584K, 100% used [0x0000000715580000,0x000000071d600000,0x000000071d600000)
  from space 21504K, 95% used [0x000000071d600000,0x000000071ea04db8,0x000000071eb00000)
  to   space 21504K, 0% used [0x0000000726b80000,0x0000000726b80000,0x0000000728080000)
 ParOldGen       total 349696K, used 112K [0x00000005c0000000, 0x00000005d5580000, 0x0000000715580000)
  object space 349696K, 0% used [0x00000005c0000000,0x00000005c001c010,0x00000005d5580000)
 Metaspace       used 18287K, capacity 19072K, committed 19328K, reserved 1067008K
  class space    used 2496K, capacity 2679K, committed 2688K, reserved 1048576K
Event: 23.408 GC heap after
Heap after GC invocations=4 (full 0):
 PSYoungGen      total 284672K, used 21503K [0x0000000715580000, 0x0000000728080000, 0x00000007c0000000)
  eden space 263168K, 0% used [0x0000000715580000,0x0000000715580000,0x0000000725680000)
  from space 21504K, 99% used [0x0000000726b80000,0x000000072807feb0,0x0000000728080000)
  to   space 21504K, 0% used [0x0000000725680000,0x0000000725680000,0x0000000726b80000)
 ParOldGen       total 349696K, used 16694K [0x00000005c0000000, 0x00000005d5580000, 0x0000000715580000)
  object space 349696K, 4% used [0x00000005c0000000,0x00000005c104d838,0x00000005d5580000)
 Metaspace       used 18287K, capacity 19072K, committed 19328K, reserved 1067008K
  class space    used 2496K, capacity 2679K, committed 2688K, reserved 1048576K
}

