# JRE version: Java(TM) SE Runtime Environment (8.0_211-b12) (build 1.8.0_211-b12)
# Java VM: Java HotSpot(TM) 64-Bit Server VM (25.211-b12 mixed mode bsd-amd64 compressed oops)
Heap:
 PSYoungGen      total 284672K, used 62767K [0x0000000715580000, 0x000000073a180000, 0x00000007c0000000)
  eden space 263168K, 15% used [0x0000000715580000,0x0000000717dd0668,0x0000000725680000)
  from space 21504K, 99% used [0x0000000725680000,0x0000000726b7b660,0x0000000726b80000)
  to   space 37888K, 0% used [0x0000000737c80000,0x0000000737c80000,0x000000073a180000)
 ParOldGen       total 349696K, used 22352K [0x00000005c0000000, 0x00000005d5580000, 0x0000000715580000)
  object space 349696K, 6% used [0x00000005c0000000,0x00000005c15d40c0,0x00000005d5580000)
 Metaspace       used 19456K, capacity 20296K, committed 20608K, reserved 1067008K
  class space    used 2664K, capacity 2845K, committed 2944K, reserved 1048576K
GC Heap History (10 events):
Event: 13.447 GC heap before
{Heap before GC invocations=1 (full 0):
 PSYoungGen      total 153088K, used 131584K [0x0000000715580000, 0x0000000720000000, 0x00000007c0000000)
  eden space 131584K, 100% used [0x0000000715580000,0x000000071d600000,0x000000071d600000)
  from space 21504K, 0% used [0x000000071eb00000,0x000000071eb00000,0x0000000720000000)
  to   space 21504K, 0% used [0x000000071d600000,0x000000071d600000,0x000000071eb00000)
 ParOldGen       total 349696K, used 0K [0x00000005c0000000, 0x00000005d5580000, 0x0000000715580000)
  object space 349696K, 0% used [0x00000005c0000000,0x00000005c0000000,0x00000005d5580000)
 Metaspace       used 17711K, capacity 18456K, committed 18560K, reserved 1064960K
  class space    used 2478K, capacity 2651K, committed 2688K, reserved 1048576K
Event: 13.454 GC heap after
Heap after GC invocations=1 (full 0):
 PSYoungGen      total 153088K, used 10789K [0x0000000715580000, 0x0000000720000000, 0x00000007c0000000)
  eden space 131584K, 0% used [0x0000000715580000,0x0000000715580000,0x000000071d600000)
  from space 21504K, 50% used [0x000000071d600000,0x000000071e089498,0x000000071eb00000)
  to   space 21504K, 0% used [0x000000071eb00000,0x000000071eb00000,0x0000000720000000)
 ParOldGen       total 349696K, used 88K [0x00000005c0000000, 0x00000005d5580000, 0x0000000715580000)
  object space 349696K, 0% used [0x00000005c0000000,0x00000005c0016010,0x00000005d5580000)
 Metaspace       used 17711K, capacity 18456K, committed 18560K, reserved 1064960K
  class space    used 2478K, capacity 2651K, committed 2688K, reserved 1048576K
}
Event: 13.530 GC heap before
{Heap before GC invocations=2 (full 0):
 PSYoungGen      total 153088K, used 142373K [0x0000000715580000, 0x0000000720000000, 0x00000007c0000000)
  eden space 131584K, 100% used [0x0000000715580000,0x000000071d600000,0x000000071d600000)
  from space 21504K, 50% used [0x000000071d600000,0x000000071e089498,0x000000071eb00000)
  to   space 21504K, 0% used [0x000000071eb00000,0x000000071eb00000,0x0000000720000000)
 ParOldGen       total 349696K, used 88K [0x00000005c0000000, 0x00000005d5580000, 0x0000000715580000)
  object space 349696K, 0% used [0x00000005c0000000,0x00000005c0016010,0x00000005d5580000)
 Metaspace       used 17719K, capacity 18456K, committed 18560K, reserved 1064960K
  class space    used 2478K, capacity 2651K, committed 2688K, reserved 1048576K
Event: 13.535 GC heap after
Heap after GC invocations=2 (full 0):
 PSYoungGen      total 153088K, used 11010K [0x0000000715580000, 0x0000000728080000, 0x00000007c0000000)
  eden space 131584K, 0% used [0x0000000715580000,0x0000000715580000,0x000000071d600000)
  from space 21504K, 51% used [0x000000071eb00000,0x000000071f5c0a08,0x0000000720000000)
  to   space 21504K, 0% used [0x000000071d600000,0x000000071d600000,0x000000071eb00000)
 ParOldGen       total 349696K, used 96K [0x00000005c0000000, 0x00000005d5580000, 0x0000000715580000)
  object space 349696K, 0% used [0x00000005c0000000,0x00000005c0018010,0x00000005d5580000)
 Metaspace       used 17719K, capacity 18456K, committed 18560K, reserved 1064960K
  class space    used 2478K, capacity 2651K, committed 2688K, reserved 1048576K
}
Event: 13.619 GC heap before
{Heap before GC invocations=3 (full 0):
 PSYoungGen      total 153088K, used 142594K [0x0000000715580000, 0x0000000728080000, 0x00000007c0000000)
  eden space 131584K, 100% used [0x0000000715580000,0x000000071d600000,0x000000071d600000)
  from space 21504K, 51% used [0x000000071eb00000,0x000000071f5c0a08,0x0000000720000000)
  to   space 21504K, 0% used [0x000000071d600000,0x000000071d600000,0x000000071eb00000)
 ParOldGen       total 349696K, used 96K [0x00000005c0000000, 0x00000005d5580000, 0x0000000715580000)
  object space 349696K, 0% used [0x00000005c0000000,0x00000005c0018010,0x00000005d5580000)
 Metaspace       used 17725K, capacity 18456K, committed 18560K, reserved 1064960K
  class space    used 2478K, capacity 2651K, committed 2688K, reserved 1048576K
Event: 13.623 GC heap after
Heap after GC invocations=3 (full 0):
 PSYoungGen      total 153088K, used 9977K [0x0000000715580000, 0x0000000728080000, 0x00000007c0000000)
  eden space 131584K, 0% used [0x0000000715580000,0x0000000715580000,0x000000071d600000)
  from space 21504K, 46% used [0x000000071d600000,0x000000071dfbe5b8,0x000000071eb00000)
  to   space 21504K, 0% used [0x0000000726b80000,0x0000000726b80000,0x0000000728080000)
 ParOldGen       total 349696K, used 104K [0x00000005c0000000, 0x00000005d5580000, 0x0000000715580000)
  object space 349696K, 0% used [0x00000005c0000000,0x00000005c001a010,0x00000005d5580000)
 Metaspace       used 17725K, capacity 18456K, committed 18560K, reserved 1064960K
  class space    used 2478K, capacity 2651K, committed 2688K, reserved 1048576K
}
Event: 14.073 GC heap before
{Heap before GC invocations=4 (full 0):
 PSYoungGen      total 153088K, used 141561K [0x0000000715580000, 0x0000000728080000, 0x00000007c0000000)
  eden space 131584K, 100% used [0x0000000715580000,0x000000071d600000,0x000000071d600000)
  from space 21504K, 46% used [0x000000071d600000,0x000000071dfbe5b8,0x000000071eb00000)
  to   space 21504K, 0% used [0x0000000726b80000,0x0000000726b80000,0x0000000728080000)
 ParOldGen       total 349696K, used 104K [0x00000005c0000000, 0x00000005d5580000, 0x0000000715580000)
  object space 349696K, 0% used [0x00000005c0000000,0x00000005c001a010,0x00000005d5580000)
 Metaspace       used 18260K, capacity 19024K, committed 19072K, reserved 1064960K
  class space    used 2498K, capacity 2687K, committed 2688K, reserved 1048576K
Event: 14.092 GC heap after
Heap after GC invocations=4 (full 0):
 PSYoungGen      total 284672K, used 21491K [0x0000000715580000, 0x0000000728080000, 0x00000007c0000000)
  eden space 263168K, 0% used [0x0000000715580000,0x0000000715580000,0x0000000725680000)
  from space 21504K, 99% used [0x0000000726b80000,0x000000072807cd20,0x0000000728080000)
  to   space 21504K, 0% used [0x0000000725680000,0x0000000725680000,0x0000000726b80000)
 ParOldGen       total 349696K, used 6365K [0x00000005c0000000, 0x00000005d5580000, 0x0000000715580000)
  object space 349696K, 1% used [0x00000005c0000000,0x00000005c0637530,0x00000005d5580000)
 Metaspace       used 18260K, capacity 19024K, committed 19072K, reserved 1064960K
  class space    used 2498K, capacity 2687K, committed 2688K, reserved 1048576K
}
Event: 126.162 GC heap before
{Heap before GC invocations=5 (full 0):
 PSYoungGen      total 284672K, used 284659K [0x0000000715580000, 0x0000000728080000, 0x00000007c0000000)
  eden space 263168K, 100% used [0x0000000715580000,0x0000000725680000,0x0000000725680000)
  from space 21504K, 99% used [0x0000000726b80000,0x000000072807cd20,0x0000000728080000)
  to   space 21504K, 0% used [0x0000000725680000,0x0000000725680000,0x0000000726b80000)
 ParOldGen       total 349696K, used 7143K [0x00000005c0000000, 0x00000005d5580000, 0x0000000715580000)
  object space 349696K, 2% used [0x00000005c0000000,0x00000005c06f9ee8,0x00000005d5580000)
 Metaspace       used 18684K, capacity 19440K, committed 19712K, reserved 1067008K
  class space    used 2510K, capacity 2691K, committed 2816K, reserved 1048576K
Event: 126.180 GC heap after
Heap after GC invocations=5 (full 0):
 PSYoungGen      total 284672K, used 21485K [0x0000000715580000, 0x000000073a180000, 0x00000007c0000000)
  eden space 263168K, 0% used [0x0000000715580000,0x0000000715580000,0x0000000725680000)
  from space 21504K, 99% used [0x0000000725680000,0x0000000726b7b660,0x0000000726b80000)
  to   space 37888K, 0% used [0x0000000737c80000,0x0000000737c80000,0x000000073a180000)
 ParOldGen       total 349696K, used 22352K [0x00000005c0000000, 0x00000005d5580000, 0x0000000715580000)
  object space 349696K, 6% used [0x00000005c0000000,0x00000005c15d40c0,0x00000005d5580000)
 Metaspace       used 18684K, capacity 19440K, committed 19712K, reserved 1067008K
  class space    used 2510K, capacity 2691K, committed 2816K, reserved 1048576K
}

